<?xml version="1.0" encoding="UTF-8"?>
<robot generator="Robot 7.2.2 (Python 3.13.3 on win32)" generated="2025-06-20T10:25:24.608392" rpa="false" schemaversion="5">
<suite id="s1" name="RobotPoject" source="C:\Users\mliang\MyVSCode\RobotPoject">
<suite id="s1-s1" name="HelloWorld" source="C:\Users\mliang\MyVSCode\RobotPoject\HelloWorld.robot">
<test id="s1-s1-t1" name="Hello World is true" line="10">
<kw name="Hello World">
<kw name="Run Keyword And Return Status" owner="BuiltIn">
<kw name="Should Be Equal" owner="BuiltIn">
<arg>${testData}</arg>
<arg>${Hello_World}</arg>
<doc>Fails if the given objects are unequal.</doc>
<status status="PASS" start="2025-06-20T10:25:24.628982" elapsed="0.000249"/>
</kw>
<msg time="2025-06-20T10:25:24.629370" level="INFO">${result} = True</msg>
<var>${result}</var>
<arg>Should be Equal</arg>
<arg>${testData}</arg>
<arg>${Hello_World}</arg>
<doc>Runs the given keyword with given arguments and returns the status as a Boolean value.</doc>
<status status="PASS" start="2025-06-20T10:25:24.628724" elapsed="0.000897"/>
</kw>
<return>
<value>${result}</value>
<status status="PASS" start="2025-06-20T10:25:24.629715" elapsed="0.000102"/>
</return>
<msg time="2025-06-20T10:25:24.629941" level="INFO">${result} = True</msg>
<var>${result}</var>
<arg>${true_helloWorld}</arg>
<doc>Return true if the argument is 'Hello World'</doc>
<status status="PASS" start="2025-06-20T10:25:24.628281" elapsed="0.001783"/>
</kw>
<kw name="Should Be True" owner="BuiltIn">
<arg>$result</arg>
<doc>Fails if the given condition is not true.</doc>
<status status="PASS" start="2025-06-20T10:25:24.630264" elapsed="0.000287"/>
</kw>
<status status="PASS" start="2025-06-20T10:25:24.627547" elapsed="0.003182"/>
</test>
<test id="s1-s1-t2" name="Hello World is not true" line="14">
<kw name="Hello World">
<kw name="Run Keyword And Return Status" owner="BuiltIn">
<kw name="Should Be Equal" owner="BuiltIn">
<msg time="2025-06-20T10:25:24.632548" level="FAIL">hello world != Hello World</msg>
<arg>${testData}</arg>
<arg>${Hello_World}</arg>
<doc>Fails if the given objects are unequal.</doc>
<status status="FAIL" start="2025-06-20T10:25:24.632303" elapsed="0.000595">hello world != Hello World</status>
</kw>
<msg time="2025-06-20T10:25:24.633014" level="INFO">${result} = False</msg>
<var>${result}</var>
<arg>Should be Equal</arg>
<arg>${testData}</arg>
<arg>${Hello_World}</arg>
<doc>Runs the given keyword with given arguments and returns the status as a Boolean value.</doc>
<status status="PASS" start="2025-06-20T10:25:24.632124" elapsed="0.001081"/>
</kw>
<return>
<value>${result}</value>
<status status="PASS" start="2025-06-20T10:25:24.633295" elapsed="0.000185"/>
</return>
<msg time="2025-06-20T10:25:24.633654" level="INFO">${result} = False</msg>
<var>${result}</var>
<arg>${fail_hellowWorld}</arg>
<doc>Return true if the argument is 'Hello World'</doc>
<status status="PASS" start="2025-06-20T10:25:24.631814" elapsed="0.001926"/>
</kw>
<kw name="Should Not Be True" owner="BuiltIn">
<arg>$result</arg>
<doc>Fails if the given condition is true.</doc>
<status status="PASS" start="2025-06-20T10:25:24.633972" elapsed="0.000244"/>
</kw>
<doc>Hello world is not match, faiure testing</doc>
<status status="PASS" start="2025-06-20T10:25:24.631168" elapsed="0.003221"/>
</test>
<doc>First Robot Framework Automation testing</doc>
<status status="PASS" start="2025-06-20T10:25:24.625906" elapsed="0.009143"/>
</suite>
<status status="PASS" start="2025-06-20T10:25:24.611316" elapsed="0.024444"/>
</suite>
<statistics>
<total>
<stat pass="2" fail="0" skip="0">All Tests</stat>
</total>
<tag>
</tag>
<suite>
<stat name="RobotPoject" id="s1" pass="2" fail="0" skip="0">RobotPoject</stat>
<stat name="HelloWorld" id="s1-s1" pass="2" fail="0" skip="0">RobotPoject.HelloWorld</stat>
</suite>
</statistics>
<errors>
</errors>
</robot>
